# JRE version: Java(TM) SE Runtime Environment (11.0.3+12) (build 11.0.3+12-LTS)
# Java VM: Java HotSpot(TM) 64-Bit Server VM (11.0.3+12-LTS, mixed mode, tiered, compressed oops, g1 gc, bsd-amd64)
Heap:
 garbage-first heap   total 131072K, used 49974K [0x0000000780000000, 0x0000000800000000)
  region size 1024K, 22 young (22528K), 5 survivors (5120K)
 Metaspace       used 26266K, capacity 27315K, committed 27520K, reserved 1073152K
  class space    used 3229K, capacity 3669K, committed 3712K, reserved 1048576K
GC Heap History (8 events):
Event: 0.959 GC heap before
{Heap before GC invocations=0 (full 0):
 garbage-first heap   total 131072K, used 23552K [0x0000000780000000, 0x0000000800000000)
  region size 1024K, 24 young (24576K), 0 survivors (0K)
 Metaspace       used 12890K, capacity 13270K, committed 13440K, reserved 1060864K
  class space    used 1413K, capacity 1563K, committed 1664K, reserved 1048576K
}
Event: 0.969 GC heap after
{Heap after GC invocations=1 (full 0):
 garbage-first heap   total 131072K, used 3408K [0x0000000780000000, 0x0000000800000000)
  region size 1024K, 3 young (3072K), 3 survivors (3072K)
 Metaspace       used 12890K, capacity 13270K, committed 13440K, reserved 1060864K
  class space    used 1413K, capacity 1563K, committed 1664K, reserved 1048576K
}
Event: 1.721 GC heap before
{Heap before GC invocations=1 (full 0):
 garbage-first heap   total 131072K, used 32080K [0x0000000780000000, 0x0000000800000000)
  region size 1024K, 33 young (33792K), 3 survivors (3072K)
 Metaspace       used 20500K, capacity 21118K, committed 21248K, reserved 1067008K
  class space    used 2466K, capacity 2745K, committed 2816K, reserved 1048576K
}
Event: 1.741 GC heap after
{Heap after GC invocations=2 (full 0):
 garbage-first heap   total 131072K, used 12584K [0x0000000780000000, 0x0000000800000000)
  region size 1024K, 10 young (10240K), 10 survivors (10240K)
 Metaspace       used 20500K, capacity 21118K, committed 21248K, reserved 1067008K
  class space    used 2466K, capacity 2745K, committed 2816K, reserved 1048576K
}
Event: 1.874 GC heap before
{Heap before GC invocations=3 (full 0):
 garbage-first heap   total 131072K, used 15656K [0x0000000780000000, 0x0000000800000000)
  region size 1024K, 13 young (13312K), 10 survivors (10240K)
 Metaspace       used 21155K, capacity 21906K, committed 22144K, reserved 1069056K
  class space    used 2598K, capacity 2903K, committed 2944K, reserved 1048576K
}
Event: 1.883 GC heap after
{Heap after GC invocations=4 (full 0):
 garbage-first heap   total 131072K, used 12433K [0x0000000780000000, 0x0000000800000000)
  region size 1024K, 1 young (1024K), 1 survivors (1024K)
 Metaspace       used 21155K, capacity 21906K, committed 22144K, reserved 1069056K
  class space    used 2598K, capacity 2903K, committed 2944K, reserved 1048576K
}
Event: 24.261 GC heap before
{Heap before GC invocations=4 (full 0):
 garbage-first heap   total 131072K, used 53393K [0x0000000780000000, 0x0000000800000000)
  region size 1024K, 40 young (40960K), 1 survivors (1024K)
 Metaspace       used 26114K, capacity 27181K, committed 27264K, reserved 1073152K
  class space    used 3229K, capacity 3668K, committed 3712K, reserved 1048576K
}
Event: 24.271 GC heap after
{Heap after GC invocations=5 (full 0):
 garbage-first heap   total 131072K, used 34614K [0x0000000780000000, 0x0000000800000000)
  region size 1024K, 5 young (5120K), 5 survivors (5120K)
 Metaspace       used 26114K, capacity 27181K, committed 27264K, reserved 1073152K
  class space    used 3229K, capacity 3668K, committed 3712K, reserved 1048576K
}

