# JRE version: Java(TM) SE Runtime Environment (11.0.3+12) (build 11.0.3+12-LTS)
# Java VM: Java HotSpot(TM) 64-Bit Server VM (11.0.3+12-LTS, mixed mode, tiered, compressed oops, g1 gc, bsd-amd64)
Heap:
 garbage-first heap   total 131072K, used 31741K [0x0000000780000000, 0x0000000800000000)
  region size 1024K, 18 young (18432K), 6 survivors (6144K)
 Metaspace       used 27668K, capacity 28798K, committed 28848K, reserved 1075200K
  class space    used 3512K, capacity 3972K, committed 4016K, reserved 1048576K
GC Heap History (6 events):
Event: 1.527 GC heap before
{Heap before GC invocations=0 (full 0):
 garbage-first heap   total 131072K, used 23552K [0x0000000780000000, 0x0000000800000000)
  region size 1024K, 24 young (24576K), 0 survivors (0K)
 Metaspace       used 12980K, capacity 13362K, committed 13696K, reserved 1060864K
  class space    used 1431K, capacity 1595K, committed 1664K, reserved 1048576K
}
Event: 1.544 GC heap after
{Heap after GC invocations=1 (full 0):
 garbage-first heap   total 131072K, used 3463K [0x0000000780000000, 0x0000000800000000)
  region size 1024K, 3 young (3072K), 3 survivors (3072K)
 Metaspace       used 12980K, capacity 13362K, committed 13696K, reserved 1060864K
  class space    used 1431K, capacity 1595K, committed 1664K, reserved 1048576K
}
Event: 2.215 GC heap before
{Heap before GC invocations=1 (full 0):
 garbage-first heap   total 131072K, used 28039K [0x0000000780000000, 0x0000000800000000)
  region size 1024K, 28 young (28672K), 3 survivors (3072K)
 Metaspace       used 20576K, capacity 21222K, committed 21296K, reserved 1067008K
  class space    used 2539K, capacity 2824K, committed 2864K, reserved 1048576K
}
Event: 2.232 GC heap after
{Heap after GC invocations=2 (full 0):
 garbage-first heap   total 131072K, used 6963K [0x0000000780000000, 0x0000000800000000)
  region size 1024K, 7 young (7168K), 7 survivors (7168K)
 Metaspace       used 20576K, capacity 21222K, committed 21296K, reserved 1067008K
  class space    used 2539K, capacity 2824K, committed 2864K, reserved 1048576K
}
Event: 46.518 GC heap before
{Heap before GC invocations=3 (full 0):
 garbage-first heap   total 131072K, used 45875K [0x0000000780000000, 0x0000000800000000)
  region size 1024K, 44 young (45056K), 7 survivors (7168K)
 Metaspace       used 27041K, capacity 28181K, committed 28336K, reserved 1073152K
  class space    used 3424K, capacity 3895K, committed 4016K, reserved 1048576K
}
Event: 46.570 GC heap after
{Heap after GC invocations=4 (full 0):
 garbage-first heap   total 131072K, used 21501K [0x0000000780000000, 0x0000000800000000)
  region size 1024K, 6 young (6144K), 6 survivors (6144K)
 Metaspace       used 27041K, capacity 28181K, committed 28336K, reserved 1073152K
  class space    used 3424K, capacity 3895K, committed 4016K, reserved 1048576K
}

