# JRE version: Java(TM) SE Runtime Environment (11.0.3+12) (build 11.0.3+12-LTS)
# Java VM: Java HotSpot(TM) 64-Bit Server VM (11.0.3+12-LTS, mixed mode, tiered, compressed oops, g1 gc, bsd-amd64)
Heap:
 garbage-first heap   total 131072K, used 60226K [0x0000000780000000, 0x0000000800000000)
  region size 1024K, 47 young (48128K), 6 survivors (6144K)
 Metaspace       used 27833K, capacity 28993K, committed 29104K, reserved 1075200K
  class space    used 3511K, capacity 3971K, committed 4016K, reserved 1048576K
GC Heap History (6 events):
Event: 1.158 GC heap before
{Heap before GC invocations=0 (full 0):
 garbage-first heap   total 131072K, used 23552K [0x0000000780000000, 0x0000000800000000)
  region size 1024K, 24 young (24576K), 0 survivors (0K)
 Metaspace       used 12982K, capacity 13362K, committed 13696K, reserved 1060864K
  class space    used 1431K, capacity 1595K, committed 1664K, reserved 1048576K
}
Event: 1.176 GC heap after
{Heap after GC invocations=1 (full 0):
 garbage-first heap   total 131072K, used 3517K [0x0000000780000000, 0x0000000800000000)
  region size 1024K, 3 young (3072K), 3 survivors (3072K)
 Metaspace       used 12982K, capacity 13362K, committed 13696K, reserved 1060864K
  class space    used 1431K, capacity 1595K, committed 1664K, reserved 1048576K
}
Event: 1.858 GC heap before
{Heap before GC invocations=1 (full 0):
 garbage-first heap   total 131072K, used 28093K [0x0000000780000000, 0x0000000800000000)
  region size 1024K, 28 young (28672K), 3 survivors (3072K)
 Metaspace       used 20569K, capacity 21219K, committed 21296K, reserved 1067008K
  class space    used 2533K, capacity 2823K, committed 2864K, reserved 1048576K
}
Event: 1.867 GC heap after
{Heap after GC invocations=2 (full 0):
 garbage-first heap   total 131072K, used 7003K [0x0000000780000000, 0x0000000800000000)
  region size 1024K, 7 young (7168K), 7 survivors (7168K)
 Metaspace       used 20569K, capacity 21219K, committed 21296K, reserved 1067008K
  class space    used 2533K, capacity 2823K, committed 2864K, reserved 1048576K
}
Event: 13.883 GC heap before
{Heap before GC invocations=3 (full 0):
 garbage-first heap   total 131072K, used 43867K [0x0000000780000000, 0x0000000800000000)
  region size 1024K, 42 young (43008K), 7 survivors (7168K)
 Metaspace       used 26964K, capacity 28118K, committed 28336K, reserved 1073152K
  class space    used 3423K, capacity 3894K, committed 4016K, reserved 1048576K
}
Event: 13.916 GC heap after
{Heap after GC invocations=4 (full 0):
 garbage-first heap   total 131072K, used 20290K [0x0000000780000000, 0x0000000800000000)
  region size 1024K, 6 young (6144K), 6 survivors (6144K)
 Metaspace       used 26964K, capacity 28118K, committed 28336K, reserved 1073152K
  class space    used 3423K, capacity 3894K, committed 4016K, reserved 1048576K
}

